1/21
2/21
3/21
4/21
5/21
6/21
7/21
8/21
9/21
10/21
11/21
12/21
13/21
14/21
15/21
16/21
17/21
18/21
19/21
20/21
=> Saving checkpoint
  0% 0/74 [00:00<?, ?it/s]/cineca/prod/opt/libraries/cineca-ai/2.1.0/none/cineca-ai-conda-env-py3.8-cuda-openmpi-11.0/lib/python3.8/site-packages/torch/nn/functional.py:3631: UserWarning: Default upsampling behavior when mode=bicubic is changed to align_corners=False since 0.4.0. Please specify align_corners=True if the old behavior is desired. See the documentation of nn.Upsample for details.
  warnings.warn(
100% 74/74 [00:48<00:00,  1.51it/s, L1=0.00916]
100% 74/74 [00:11<00:00,  6.44it/s, L1=0.008]
100% 74/74 [00:11<00:00,  6.26it/s, L1=0.00754]
100% 74/74 [00:12<00:00,  5.81it/s, L1=0.00673]
100% 74/74 [00:11<00:00,  6.19it/s, L1=0.00669]
100% 74/74 [00:11<00:00,  6.25it/s, L1=0.00601]
100% 74/74 [00:11<00:00,  6.55it/s, L1=0.00614]
100% 74/74 [00:12<00:00,  6.10it/s, L1=0.00596]
100% 74/74 [00:11<00:00,  6.22it/s, L1=0.00554]
100% 74/74 [00:11<00:00,  6.39it/s, L1=0.0057]
100% 74/74 [00:11<00:00,  6.26it/s, L1=0.00548]
100% 74/74 [00:11<00:00,  6.26it/s, L1=0.00568]
100% 74/74 [00:12<00:00,  6.05it/s, L1=0.00531]
100% 74/74 [00:12<00:00,  6.05it/s, L1=0.00521]
100% 74/74 [00:12<00:00,  5.83it/s, L1=0.00497]
100% 74/74 [00:12<00:00,  6.05it/s, L1=0.00513]
100% 74/74 [00:11<00:00,  6.25it/s, L1=0.00474]
100% 74/74 [00:11<00:00,  6.33it/s, L1=0.00482]
100% 74/74 [00:11<00:00,  6.18it/s, L1=0.00465]
100% 74/74 [00:11<00:00,  6.44it/s, L1=0.00474]
100% 74/74 [00:11<00:00,  6.43it/s, L1=0.00479]